# JRE version: Java(TM) SE Runtime Environment (8.0_202-b08) (build 1.8.0_202-b08)
# Java VM: Java HotSpot(TM) 64-Bit Server VM (25.202-b08 mixed mode windows-amd64 compressed oops)
Heap:
 PSYoungGen      total 149504K, used 126678K [0x00000000d8800000, 0x00000000e5300000, 0x0000000100000000)
  eden space 135168K, 85% used [0x00000000d8800000,0x00000000df8a4ff8,0x00000000e0c00000)
  from space 14336K, 79% used [0x00000000e0c00000,0x00000000e1710af8,0x00000000e1a00000)
  to   space 14848K, 0% used [0x00000000e4480000,0x00000000e4480000,0x00000000e5300000)
 ParOldGen       total 71168K, used 12212K [0x0000000089800000, 0x000000008dd80000, 0x00000000d8800000)
  object space 71168K, 17% used [0x0000000089800000,0x000000008a3ed2d0,0x000000008dd80000)
 Metaspace       used 45671K, capacity 47990K, committed 48384K, reserved 1091584K
  class space    used 6174K, capacity 6588K, committed 6656K, reserved 1048576K
GC Heap History (10 events):
Event: 3.064 GC heap before
{Heap before GC invocations=7 (full 1):
 PSYoungGen      total 65536K, used 65526K [0x00000000d8800000, 0x00000000ded00000, 0x0000000100000000)
  eden space 60416K, 100% used [0x00000000d8800000,0x00000000dc300000,0x00000000dc300000)
  from space 5120K, 99% used [0x00000000dc300000,0x00000000dc7fd850,0x00000000dc800000)
  to   space 11776K, 0% used [0x00000000de180000,0x00000000de180000,0x00000000ded00000)
 ParOldGen       total 53760K, used 12308K [0x0000000089800000, 0x000000008cc80000, 0x00000000d8800000)
  object space 53760K, 22% used [0x0000000089800000,0x000000008a405068,0x000000008cc80000)
 Metaspace       used 33101K, capacity 34980K, committed 35200K, reserved 1079296K
  class space    used 4525K, capacity 4882K, committed 4992K, reserved 1048576K
Event: 3.074 GC heap after
Heap after GC invocations=7 (full 1):
 PSYoungGen      total 89600K, used 11765K [0x00000000d8800000, 0x00000000dff00000, 0x0000000100000000)
  eden space 77824K, 0% used [0x00000000d8800000,0x00000000d8800000,0x00000000dd400000)
  from space 11776K, 99% used [0x00000000de180000,0x00000000decfd568,0x00000000ded00000)
  to   space 13824K, 0% used [0x00000000dd400000,0x00000000dd400000,0x00000000de180000)
 ParOldGen       total 53760K, used 12595K [0x0000000089800000, 0x000000008cc80000, 0x00000000d8800000)
  object space 53760K, 23% used [0x0000000089800000,0x000000008a44ccd0,0x000000008cc80000)
 Metaspace       used 33101K, capacity 34980K, committed 35200K, reserved 1079296K
  class space    used 4525K, capacity 4882K, committed 4992K, reserved 1048576K
}
Event: 3.107 GC heap before
{Heap before GC invocations=8 (full 1):
 PSYoungGen      total 89600K, used 15989K [0x00000000d8800000, 0x00000000dff00000, 0x0000000100000000)
  eden space 77824K, 5% used [0x00000000d8800000,0x00000000d8c20170,0x00000000dd400000)
  from space 11776K, 99% used [0x00000000de180000,0x00000000decfd568,0x00000000ded00000)
  to   space 13824K, 0% used [0x00000000dd400000,0x00000000dd400000,0x00000000de180000)
 ParOldGen       total 53760K, used 12595K [0x0000000089800000, 0x000000008cc80000, 0x00000000d8800000)
  object space 53760K, 23% used [0x0000000089800000,0x000000008a44ccd0,0x000000008cc80000)
 Metaspace       used 33445K, capacity 35342K, committed 35456K, reserved 1079296K
  class space    used 4574K, capacity 4929K, committed 4992K, reserved 1048576K
Event: 3.114 GC heap after
Heap after GC invocations=8 (full 1):
 PSYoungGen      total 91648K, used 8454K [0x00000000d8800000, 0x00000000e2900000, 0x0000000100000000)
  eden space 77824K, 0% used [0x00000000d8800000,0x00000000d8800000,0x00000000dd400000)
  from space 13824K, 61% used [0x00000000dd400000,0x00000000ddc41ab8,0x00000000de180000)
  to   space 13312K, 0% used [0x00000000e1c00000,0x00000000e1c00000,0x00000000e2900000)
 ParOldGen       total 53760K, used 12603K [0x0000000089800000, 0x000000008cc80000, 0x00000000d8800000)
  object space 53760K, 23% used [0x0000000089800000,0x000000008a44ecd0,0x000000008cc80000)
 Metaspace       used 33445K, capacity 35342K, committed 35456K, reserved 1079296K
  class space    used 4574K, capacity 4929K, committed 4992K, reserved 1048576K
}
Event: 3.114 GC heap before
{Heap before GC invocations=9 (full 2):
 PSYoungGen      total 91648K, used 8454K [0x00000000d8800000, 0x00000000e2900000, 0x0000000100000000)
  eden space 77824K, 0% used [0x00000000d8800000,0x00000000d8800000,0x00000000dd400000)
  from space 13824K, 61% used [0x00000000dd400000,0x00000000ddc41ab8,0x00000000de180000)
  to   space 13312K, 0% used [0x00000000e1c00000,0x00000000e1c00000,0x00000000e2900000)
 ParOldGen       total 53760K, used 12603K [0x0000000089800000, 0x000000008cc80000, 0x00000000d8800000)
  object space 53760K, 23% used [0x0000000089800000,0x000000008a44ecd0,0x000000008cc80000)
 Metaspace       used 33445K, capacity 35342K, committed 35456K, reserved 1079296K
  class space    used 4574K, capacity 4929K, committed 4992K, reserved 1048576K
Event: 3.160 GC heap after
Heap after GC invocations=9 (full 2):
 PSYoungGen      total 91648K, used 0K [0x00000000d8800000, 0x00000000e2900000, 0x0000000100000000)
  eden space 77824K, 0% used [0x00000000d8800000,0x00000000d8800000,0x00000000dd400000)
  from space 13824K, 0% used [0x00000000dd400000,0x00000000dd400000,0x00000000de180000)
  to   space 13312K, 0% used [0x00000000e1c00000,0x00000000e1c00000,0x00000000e2900000)
 ParOldGen       total 71168K, used 12196K [0x0000000089800000, 0x000000008dd80000, 0x00000000d8800000)
  object space 71168K, 17% used [0x0000000089800000,0x000000008a3e92d0,0x000000008dd80000)
 Metaspace       used 33445K, capacity 35342K, committed 35456K, reserved 1079296K
  class space    used 4574K, capacity 4929K, committed 4992K, reserved 1048576K
}
Event: 14.015 GC heap before
{Heap before GC invocations=10 (full 2):
 PSYoungGen      total 91648K, used 77247K [0x00000000d8800000, 0x00000000e2900000, 0x0000000100000000)
  eden space 77824K, 99% used [0x00000000d8800000,0x00000000dd36fed8,0x00000000dd400000)
  from space 13824K, 0% used [0x00000000dd400000,0x00000000dd400000,0x00000000de180000)
  to   space 13312K, 0% used [0x00000000e1c00000,0x00000000e1c00000,0x00000000e2900000)
 ParOldGen       total 71168K, used 12196K [0x0000000089800000, 0x000000008dd80000, 0x00000000d8800000)
  object space 71168K, 17% used [0x0000000089800000,0x000000008a3e92d0,0x000000008dd80000)
 Metaspace       used 44849K, capacity 47216K, committed 47488K, reserved 1089536K
  class space    used 6092K, capacity 6523K, committed 6528K, reserved 1048576K
Event: 14.030 GC heap after
Heap after GC invocations=10 (full 2):
 PSYoungGen      total 142336K, used 11835K [0x00000000d8800000, 0x00000000e2800000, 0x0000000100000000)
  eden space 130048K, 0% used [0x00000000d8800000,0x00000000d8800000,0x00000000e0700000)
  from space 12288K, 96% used [0x00000000e1c00000,0x00000000e278ef80,0x00000000e2800000)
  to   space 14336K, 0% used [0x00000000e0c00000,0x00000000e0c00000,0x00000000e1a00000)
 ParOldGen       total 71168K, used 12204K [0x0000000089800000, 0x000000008dd80000, 0x00000000d8800000)
  object space 71168K, 17% used [0x0000000089800000,0x000000008a3eb2d0,0x000000008dd80000)
 Metaspace       used 44849K, capacity 47216K, committed 47488K, reserved 1089536K
  class space    used 6092K, capacity 6523K, committed 6528K, reserved 1048576K
}
Event: 17.629 GC heap before
{Heap before GC invocations=11 (full 2):
 PSYoungGen      total 142336K, used 141522K [0x00000000d8800000, 0x00000000e2800000, 0x0000000100000000)
  eden space 130048K, 99% used [0x00000000d8800000,0x00000000e06a5b50,0x00000000e0700000)
  from space 12288K, 96% used [0x00000000e1c00000,0x00000000e278ef80,0x00000000e2800000)
  to   space 14336K, 0% used [0x00000000e0c00000,0x00000000e0c00000,0x00000000e1a00000)
 ParOldGen       total 71168K, used 12204K [0x0000000089800000, 0x000000008dd80000, 0x00000000d8800000)
  object space 71168K, 17% used [0x0000000089800000,0x000000008a3eb2d0,0x000000008dd80000)
 Metaspace       used 45665K, capacity 47984K, committed 48384K, reserved 1091584K
  class space    used 6173K, capacity 6587K, committed 6656K, reserved 1048576K
Event: 17.639 GC heap after
Heap after GC invocations=11 (full 2):
 PSYoungGen      total 149504K, used 11330K [0x00000000d8800000, 0x00000000e5300000, 0x0000000100000000)
  eden space 135168K, 0% used [0x00000000d8800000,0x00000000d8800000,0x00000000e0c00000)
  from space 14336K, 79% used [0x00000000e0c00000,0x00000000e1710af8,0x00000000e1a00000)
  to   space 14848K, 0% used [0x00000000e4480000,0x00000000e4480000,0x00000000e5300000)
 ParOldGen       total 71168K, used 12212K [0x0000000089800000, 0x000000008dd80000, 0x00000000d8800000)
  object space 71168K, 17% used [0x0000000089800000,0x000000008a3ed2d0,0x000000008dd80000)
 Metaspace       used 45665K, capacity 47984K, committed 48384K, reserved 1091584K
  class space    used 6173K, capacity 6587K, committed 6656K, reserved 1048576K
}

