# JRE version: Java(TM) SE Runtime Environment (8.0_202-b08) (build 1.8.0_202-b08)
# Java VM: Java HotSpot(TM) 64-Bit Server VM (25.202-b08 mixed mode windows-amd64 compressed oops)
Heap:
 PSYoungGen      total 227840K, used 23796K [0x00000000d8800000, 0x00000000e7a80000, 0x0000000100000000)
  eden space 220672K, 9% used [0x00000000d8800000,0x00000000d9c06a00,0x00000000e5f80000)
  from space 7168K, 45% used [0x00000000e7380000,0x00000000e76b68c8,0x00000000e7a80000)
  to   space 13824K, 0% used [0x00000000e5f80000,0x00000000e5f80000,0x00000000e6d00000)
 ParOldGen       total 74752K, used 17171K [0x0000000089800000, 0x000000008e100000, 0x00000000d8800000)
  object space 74752K, 22% used [0x0000000089800000,0x000000008a8c4da8,0x000000008e100000)
 Metaspace       used 45773K, capacity 48184K, committed 48384K, reserved 1091584K
  class space    used 6197K, capacity 6653K, committed 6656K, reserved 1048576K
GC Heap History (10 events):
Event: 27.768 GC heap before
{Heap before GC invocations=12 (full 2):
 PSYoungGen      total 142848K, used 135589K [0x00000000d8800000, 0x00000000e3f80000, 0x0000000100000000)
  eden space 128512K, 99% used [0x00000000d8800000,0x00000000e0532598,0x00000000e0580000)
  from space 14336K, 51% used [0x00000000e0580000,0x00000000e0cb7200,0x00000000e1380000)
  to   space 13824K, 0% used [0x00000000e3200000,0x00000000e3200000,0x00000000e3f80000)
 ParOldGen       total 74752K, used 12302K [0x0000000089800000, 0x000000008e100000, 0x00000000d8800000)
  object space 74752K, 16% used [0x0000000089800000,0x000000008a403930,0x000000008e100000)
 Metaspace       used 45762K, capacity 48120K, committed 48384K, reserved 1091584K
  class space    used 6195K, capacity 6653K, committed 6656K, reserved 1048576K
Event: 27.774 GC heap after
Heap after GC invocations=12 (full 2):
 PSYoungGen      total 173568K, used 2196K [0x00000000d8800000, 0x00000000e4580000, 0x0000000100000000)
  eden space 159744K, 0% used [0x00000000d8800000,0x00000000d8800000,0x00000000e2400000)
  from space 13824K, 15% used [0x00000000e3200000,0x00000000e3425020,0x00000000e3f80000)
  to   space 14336K, 0% used [0x00000000e2400000,0x00000000e2400000,0x00000000e3200000)
 ParOldGen       total 74752K, used 17139K [0x0000000089800000, 0x000000008e100000, 0x00000000d8800000)
  object space 74752K, 22% used [0x0000000089800000,0x000000008a8bcda8,0x000000008e100000)
 Metaspace       used 45762K, capacity 48120K, committed 48384K, reserved 1091584K
  class space    used 6195K, capacity 6653K, committed 6656K, reserved 1048576K
}
Event: 31.962 GC heap before
{Heap before GC invocations=13 (full 2):
 PSYoungGen      total 173568K, used 161214K [0x00000000d8800000, 0x00000000e4580000, 0x0000000100000000)
  eden space 159744K, 99% used [0x00000000d8800000,0x00000000e234aaa8,0x00000000e2400000)
  from space 13824K, 15% used [0x00000000e3200000,0x00000000e3425020,0x00000000e3f80000)
  to   space 14336K, 0% used [0x00000000e2400000,0x00000000e2400000,0x00000000e3200000)
 ParOldGen       total 74752K, used 17139K [0x0000000089800000, 0x000000008e100000, 0x00000000d8800000)
  object space 74752K, 22% used [0x0000000089800000,0x000000008a8bcda8,0x000000008e100000)
 Metaspace       used 45769K, capacity 48184K, committed 48384K, reserved 1091584K
  class space    used 6197K, capacity 6653K, committed 6656K, reserved 1048576K
Event: 31.965 GC heap after
Heap after GC invocations=13 (full 2):
 PSYoungGen      total 174080K, used 2038K [0x00000000d8800000, 0x00000000e6680000, 0x0000000100000000)
  eden space 159744K, 0% used [0x00000000d8800000,0x00000000d8800000,0x00000000e2400000)
  from space 14336K, 14% used [0x00000000e2400000,0x00000000e25fd8b8,0x00000000e3200000)
  to   space 14336K, 0% used [0x00000000e5880000,0x00000000e5880000,0x00000000e6680000)
 ParOldGen       total 74752K, used 17147K [0x0000000089800000, 0x000000008e100000, 0x00000000d8800000)
  object space 74752K, 22% used [0x0000000089800000,0x000000008a8beda8,0x000000008e100000)
 Metaspace       used 45769K, capacity 48184K, committed 48384K, reserved 1091584K
  class space    used 6197K, capacity 6653K, committed 6656K, reserved 1048576K
}
Event: 36.233 GC heap before
{Heap before GC invocations=14 (full 2):
 PSYoungGen      total 174080K, used 161672K [0x00000000d8800000, 0x00000000e6680000, 0x0000000100000000)
  eden space 159744K, 99% used [0x00000000d8800000,0x00000000e23e4968,0x00000000e2400000)
  from space 14336K, 14% used [0x00000000e2400000,0x00000000e25fd8b8,0x00000000e3200000)
  to   space 14336K, 0% used [0x00000000e5880000,0x00000000e5880000,0x00000000e6680000)
 ParOldGen       total 74752K, used 17147K [0x0000000089800000, 0x000000008e100000, 0x00000000d8800000)
  object space 74752K, 22% used [0x0000000089800000,0x000000008a8beda8,0x000000008e100000)
 Metaspace       used 45770K, capacity 48184K, committed 48384K, reserved 1091584K
  class space    used 6197K, capacity 6653K, committed 6656K, reserved 1048576K
Event: 36.236 GC heap after
Heap after GC invocations=14 (full 2):
 PSYoungGen      total 201216K, used 3146K [0x00000000d8800000, 0x00000000e6080000, 0x0000000100000000)
  eden space 193024K, 0% used [0x00000000d8800000,0x00000000d8800000,0x00000000e4480000)
  from space 8192K, 38% used [0x00000000e5880000,0x00000000e5b928d8,0x00000000e6080000)
  to   space 14336K, 0% used [0x00000000e4480000,0x00000000e4480000,0x00000000e5280000)
 ParOldGen       total 74752K, used 17155K [0x0000000089800000, 0x000000008e100000, 0x00000000d8800000)
  object space 74752K, 22% used [0x0000000089800000,0x000000008a8c0da8,0x000000008e100000)
 Metaspace       used 45770K, capacity 48184K, committed 48384K, reserved 1091584K
  class space    used 6197K, capacity 6653K, committed 6656K, reserved 1048576K
}
Event: 41.382 GC heap before
{Heap before GC invocations=15 (full 2):
 PSYoungGen      total 201216K, used 195699K [0x00000000d8800000, 0x00000000e6080000, 0x0000000100000000)
  eden space 193024K, 99% used [0x00000000d8800000,0x00000000e440a6f8,0x00000000e4480000)
  from space 8192K, 38% used [0x00000000e5880000,0x00000000e5b928d8,0x00000000e6080000)
  to   space 14336K, 0% used [0x00000000e4480000,0x00000000e4480000,0x00000000e5280000)
 ParOldGen       total 74752K, used 17155K [0x0000000089800000, 0x000000008e100000, 0x00000000d8800000)
  object space 74752K, 22% used [0x0000000089800000,0x000000008a8c0da8,0x000000008e100000)
 Metaspace       used 45772K, capacity 48184K, committed 48384K, reserved 1091584K
  class space    used 6197K, capacity 6653K, committed 6656K, reserved 1048576K
Event: 41.389 GC heap after
Heap after GC invocations=15 (full 2):
 PSYoungGen      total 207360K, used 4012K [0x00000000d8800000, 0x00000000e8180000, 0x0000000100000000)
  eden space 193024K, 0% used [0x00000000d8800000,0x00000000d8800000,0x00000000e4480000)
  from space 14336K, 27% used [0x00000000e4480000,0x00000000e486b050,0x00000000e5280000)
  to   space 14336K, 0% used [0x00000000e7380000,0x00000000e7380000,0x00000000e8180000)
 ParOldGen       total 74752K, used 17163K [0x0000000089800000, 0x000000008e100000, 0x00000000d8800000)
  object space 74752K, 22% used [0x0000000089800000,0x000000008a8c2da8,0x000000008e100000)
 Metaspace       used 45772K, capacity 48184K, committed 48384K, reserved 1091584K
  class space    used 6197K, capacity 6653K, committed 6656K, reserved 1048576K
}
Event: 46.553 GC heap before
{Heap before GC invocations=16 (full 2):
 PSYoungGen      total 207360K, used 196937K [0x00000000d8800000, 0x00000000e8180000, 0x0000000100000000)
  eden space 193024K, 99% used [0x00000000d8800000,0x00000000e4467610,0x00000000e4480000)
  from space 14336K, 27% used [0x00000000e4480000,0x00000000e486b050,0x00000000e5280000)
  to   space 14336K, 0% used [0x00000000e7380000,0x00000000e7380000,0x00000000e8180000)
 ParOldGen       total 74752K, used 17163K [0x0000000089800000, 0x000000008e100000, 0x00000000d8800000)
  object space 74752K, 22% used [0x0000000089800000,0x000000008a8c2da8,0x000000008e100000)
 Metaspace       used 45772K, capacity 48184K, committed 48384K, reserved 1091584K
  class space    used 6197K, capacity 6653K, committed 6656K, reserved 1048576K
Event: 46.556 GC heap after
Heap after GC invocations=16 (full 2):
 PSYoungGen      total 227840K, used 3290K [0x00000000d8800000, 0x00000000e7a80000, 0x0000000100000000)
  eden space 220672K, 0% used [0x00000000d8800000,0x00000000d8800000,0x00000000e5f80000)
  from space 7168K, 45% used [0x00000000e7380000,0x00000000e76b68c8,0x00000000e7a80000)
  to   space 13824K, 0% used [0x00000000e5f80000,0x00000000e5f80000,0x00000000e6d00000)
 ParOldGen       total 74752K, used 17171K [0x0000000089800000, 0x000000008e100000, 0x00000000d8800000)
  object space 74752K, 22% used [0x0000000089800000,0x000000008a8c4da8,0x000000008e100000)
 Metaspace       used 45772K, capacity 48184K, committed 48384K, reserved 1091584K
  class space    used 6197K, capacity 6653K, committed 6656K, reserved 1048576K
}

