# JRE version: Java(TM) SE Runtime Environment (8.0_202-b08) (build 1.8.0_202-b08)
# Java VM: Java HotSpot(TM) 64-Bit Server VM (25.202-b08 mixed mode windows-amd64 compressed oops)
Heap:
 PSYoungGen      total 163840K, used 54400K [0x00000000d8800000, 0x00000000e3880000, 0x0000000100000000)
  eden space 151040K, 31% used [0x00000000d8800000,0x00000000db649140,0x00000000e1b80000)
  from space 12800K, 54% used [0x00000000e2c00000,0x00000000e32d7040,0x00000000e3880000)
  to   space 14848K, 0% used [0x00000000e1b80000,0x00000000e1b80000,0x00000000e2a00000)
 ParOldGen       total 75776K, used 14342K [0x0000000089800000, 0x000000008e200000, 0x00000000d8800000)
  object space 75776K, 18% used [0x0000000089800000,0x000000008a601be8,0x000000008e200000)
 Metaspace       used 45636K, capacity 47984K, committed 48384K, reserved 1091584K
  class space    used 6168K, capacity 6587K, committed 6656K, reserved 1048576K
GC Heap History (10 events):
Event: 3.085 GC heap before
{Heap before GC invocations=8 (full 1):
 PSYoungGen      total 84480K, used 17988K [0x00000000d8800000, 0x00000000dfc80000, 0x0000000100000000)
  eden space 73216K, 9% used [0x00000000d8800000,0x00000000d8e95680,0x00000000dcf80000)
  from space 11264K, 99% used [0x00000000ddc80000,0x00000000de77bc30,0x00000000de780000)
  to   space 13312K, 0% used [0x00000000dcf80000,0x00000000dcf80000,0x00000000ddc80000)
 ParOldGen       total 55296K, used 12645K [0x0000000089800000, 0x000000008ce00000, 0x00000000d8800000)
  object space 55296K, 22% used [0x0000000089800000,0x000000008a459798,0x000000008ce00000)
 Metaspace       used 33436K, capacity 35336K, committed 35456K, reserved 1079296K
  class space    used 4572K, capacity 4928K, committed 4992K, reserved 1048576K
Event: 3.092 GC heap after
Heap after GC invocations=8 (full 1):
 PSYoungGen      total 86528K, used 8490K [0x00000000d8800000, 0x00000000e1a80000, 0x0000000100000000)
  eden space 73216K, 0% used [0x00000000d8800000,0x00000000d8800000,0x00000000dcf80000)
  from space 13312K, 63% used [0x00000000dcf80000,0x00000000dd7caae8,0x00000000ddc80000)
  to   space 13312K, 0% used [0x00000000e0d80000,0x00000000e0d80000,0x00000000e1a80000)
 ParOldGen       total 55296K, used 12653K [0x0000000089800000, 0x000000008ce00000, 0x00000000d8800000)
  object space 55296K, 22% used [0x0000000089800000,0x000000008a45b798,0x000000008ce00000)
 Metaspace       used 33436K, capacity 35336K, committed 35456K, reserved 1079296K
  class space    used 4572K, capacity 4928K, committed 4992K, reserved 1048576K
}
Event: 3.092 GC heap before
{Heap before GC invocations=9 (full 2):
 PSYoungGen      total 86528K, used 8490K [0x00000000d8800000, 0x00000000e1a80000, 0x0000000100000000)
  eden space 73216K, 0% used [0x00000000d8800000,0x00000000d8800000,0x00000000dcf80000)
  from space 13312K, 63% used [0x00000000dcf80000,0x00000000dd7caae8,0x00000000ddc80000)
  to   space 13312K, 0% used [0x00000000e0d80000,0x00000000e0d80000,0x00000000e1a80000)
 ParOldGen       total 55296K, used 12653K [0x0000000089800000, 0x000000008ce00000, 0x00000000d8800000)
  object space 55296K, 22% used [0x0000000089800000,0x000000008a45b798,0x000000008ce00000)
 Metaspace       used 33436K, capacity 35336K, committed 35456K, reserved 1079296K
  class space    used 4572K, capacity 4928K, committed 4992K, reserved 1048576K
Event: 3.138 GC heap after
Heap after GC invocations=9 (full 2):
 PSYoungGen      total 86528K, used 0K [0x00000000d8800000, 0x00000000e1a80000, 0x0000000100000000)
  eden space 73216K, 0% used [0x00000000d8800000,0x00000000d8800000,0x00000000dcf80000)
  from space 13312K, 0% used [0x00000000dcf80000,0x00000000dcf80000,0x00000000ddc80000)
  to   space 13312K, 0% used [0x00000000e0d80000,0x00000000e0d80000,0x00000000e1a80000)
 ParOldGen       total 75776K, used 12284K [0x0000000089800000, 0x000000008e200000, 0x00000000d8800000)
  object space 75776K, 16% used [0x0000000089800000,0x000000008a3ff0b8,0x000000008e200000)
 Metaspace       used 33436K, capacity 35336K, committed 35456K, reserved 1079296K
  class space    used 4572K, capacity 4928K, committed 4992K, reserved 1048576K
}
Event: 22.947 GC heap before
{Heap before GC invocations=10 (full 2):
 PSYoungGen      total 86528K, used 72840K [0x00000000d8800000, 0x00000000e1a80000, 0x0000000100000000)
  eden space 73216K, 99% used [0x00000000d8800000,0x00000000dcf222a0,0x00000000dcf80000)
  from space 13312K, 0% used [0x00000000dcf80000,0x00000000dcf80000,0x00000000ddc80000)
  to   space 13312K, 0% used [0x00000000e0d80000,0x00000000e0d80000,0x00000000e1a80000)
 ParOldGen       total 75776K, used 12284K [0x0000000089800000, 0x000000008e200000, 0x00000000d8800000)
  object space 75776K, 16% used [0x0000000089800000,0x000000008a3ff0b8,0x000000008e200000)
 Metaspace       used 44810K, capacity 47146K, committed 47232K, reserved 1089536K
  class space    used 6087K, capacity 6522K, committed 6528K, reserved 1048576K
Event: 22.962 GC heap after
Heap after GC invocations=10 (full 2):
 PSYoungGen      total 129536K, used 13298K [0x00000000d8800000, 0x00000000e1a80000, 0x0000000100000000)
  eden space 116224K, 0% used [0x00000000d8800000,0x00000000d8800000,0x00000000df980000)
  from space 13312K, 99% used [0x00000000e0d80000,0x00000000e1a7ca88,0x00000000e1a80000)
  to   space 15872K, 0% used [0x00000000dfb80000,0x00000000dfb80000,0x00000000e0b00000)
 ParOldGen       total 75776K, used 14326K [0x0000000089800000, 0x000000008e200000, 0x00000000d8800000)
  object space 75776K, 18% used [0x0000000089800000,0x000000008a5fdbe8,0x000000008e200000)
 Metaspace       used 44810K, capacity 47146K, committed 47232K, reserved 1089536K
  class space    used 6087K, capacity 6522K, committed 6528K, reserved 1048576K
}
Event: 26.408 GC heap before
{Heap before GC invocations=11 (full 2):
 PSYoungGen      total 129536K, used 129494K [0x00000000d8800000, 0x00000000e1a80000, 0x0000000100000000)
  eden space 116224K, 99% used [0x00000000d8800000,0x00000000df978f30,0x00000000df980000)
  from space 13312K, 99% used [0x00000000e0d80000,0x00000000e1a7ca88,0x00000000e1a80000)
  to   space 15872K, 0% used [0x00000000dfb80000,0x00000000dfb80000,0x00000000e0b00000)
 ParOldGen       total 75776K, used 14326K [0x0000000089800000, 0x000000008e200000, 0x00000000d8800000)
  object space 75776K, 18% used [0x0000000089800000,0x000000008a5fdbe8,0x000000008e200000)
 Metaspace       used 45626K, capacity 47978K, committed 48128K, reserved 1091584K
  class space    used 6165K, capacity 6586K, committed 6656K, reserved 1048576K
Event: 26.416 GC heap after
Heap after GC invocations=11 (full 2):
 PSYoungGen      total 134144K, used 7486K [0x00000000d8800000, 0x00000000e3b00000, 0x0000000100000000)
  eden space 118272K, 0% used [0x00000000d8800000,0x00000000d8800000,0x00000000dfb80000)
  from space 15872K, 47% used [0x00000000dfb80000,0x00000000e02cfab8,0x00000000e0b00000)
  to   space 15360K, 0% used [0x00000000e2c00000,0x00000000e2c00000,0x00000000e3b00000)
 ParOldGen       total 75776K, used 14334K [0x0000000089800000, 0x000000008e200000, 0x00000000d8800000)
  object space 75776K, 18% used [0x0000000089800000,0x000000008a5ffbe8,0x000000008e200000)
 Metaspace       used 45626K, capacity 47978K, committed 48128K, reserved 1091584K
  class space    used 6165K, capacity 6586K, committed 6656K, reserved 1048576K
}
Event: 29.377 GC heap before
{Heap before GC invocations=12 (full 2):
 PSYoungGen      total 134144K, used 125277K [0x00000000d8800000, 0x00000000e3b00000, 0x0000000100000000)
  eden space 118272K, 99% used [0x00000000d8800000,0x00000000dfb07d40,0x00000000dfb80000)
  from space 15872K, 47% used [0x00000000dfb80000,0x00000000e02cfab8,0x00000000e0b00000)
  to   space 15360K, 0% used [0x00000000e2c00000,0x00000000e2c00000,0x00000000e3b00000)
 ParOldGen       total 75776K, used 14334K [0x0000000089800000, 0x000000008e200000, 0x00000000d8800000)
  object space 75776K, 18% used [0x0000000089800000,0x000000008a5ffbe8,0x000000008e200000)
 Metaspace       used 45633K, capacity 47984K, committed 48384K, reserved 1091584K
  class space    used 6166K, capacity 6587K, committed 6656K, reserved 1048576K
Event: 29.384 GC heap after
Heap after GC invocations=12 (full 2):
 PSYoungGen      total 163840K, used 7004K [0x00000000d8800000, 0x00000000e3880000, 0x0000000100000000)
  eden space 151040K, 0% used [0x00000000d8800000,0x00000000d8800000,0x00000000e1b80000)
  from space 12800K, 54% used [0x00000000e2c00000,0x00000000e32d7040,0x00000000e3880000)
  to   space 14848K, 0% used [0x00000000e1b80000,0x00000000e1b80000,0x00000000e2a00000)
 ParOldGen       total 75776K, used 14342K [0x0000000089800000, 0x000000008e200000, 0x00000000d8800000)
  object space 75776K, 18% used [0x0000000089800000,0x000000008a601be8,0x000000008e200000)
 Metaspace       used 45633K, capacity 47984K, committed 48384K, reserved 1091584K
  class space    used 6166K, capacity 6587K, committed 6656K, reserved 1048576K
}

