# JRE version: Java(TM) SE Runtime Environment (8.0_202-b08) (build 1.8.0_202-b08)
# Java VM: Java HotSpot(TM) 64-Bit Server VM (25.202-b08 mixed mode windows-amd64 compressed oops)
Heap:
 PSYoungGen      total 157696K, used 17777K [0x00000000d8800000, 0x00000000e3200000, 0x0000000100000000)
  eden space 143872K, 5% used [0x00000000d8800000,0x00000000d8fec730,0x00000000e1480000)
  from space 13824K, 69% used [0x00000000e2200000,0x00000000e2b70080,0x00000000e2f80000)
  to   space 13824K, 0% used [0x00000000e1480000,0x00000000e1480000,0x00000000e2200000)
 ParOldGen       total 78336K, used 12255K [0x0000000089800000, 0x000000008e480000, 0x00000000d8800000)
  object space 78336K, 15% used [0x0000000089800000,0x000000008a3f7d28,0x000000008e480000)
 Metaspace       used 45643K, capacity 47984K, committed 48384K, reserved 1091584K
  class space    used 6168K, capacity 6587K, committed 6656K, reserved 1048576K
GC Heap History (10 events):
Event: 3.074 GC heap before
{Heap before GC invocations=8 (full 1):
 PSYoungGen      total 82944K, used 16598K [0x00000000d8800000, 0x00000000dfb00000, 0x0000000100000000)
  eden space 71680K, 7% used [0x00000000d8800000,0x00000000d8d388b0,0x00000000dce00000)
  from space 11264K, 99% used [0x00000000ddb00000,0x00000000de5fd268,0x00000000de600000)
  to   space 13312K, 0% used [0x00000000dce00000,0x00000000dce00000,0x00000000ddb00000)
 ParOldGen       total 56320K, used 12406K [0x0000000089800000, 0x000000008cf00000, 0x00000000d8800000)
  object space 56320K, 22% used [0x0000000089800000,0x000000008a41db88,0x000000008cf00000)
 Metaspace       used 33433K, capacity 35336K, committed 35456K, reserved 1079296K
  class space    used 4572K, capacity 4928K, committed 4992K, reserved 1048576K
Event: 3.081 GC heap after
Heap after GC invocations=8 (full 1):
 PSYoungGen      total 84992K, used 8582K [0x00000000d8800000, 0x00000000e1700000, 0x0000000100000000)
  eden space 71680K, 0% used [0x00000000d8800000,0x00000000d8800000,0x00000000dce00000)
  from space 13312K, 64% used [0x00000000dce00000,0x00000000dd661ab8,0x00000000ddb00000)
  to   space 13312K, 0% used [0x00000000e0a00000,0x00000000e0a00000,0x00000000e1700000)
 ParOldGen       total 56320K, used 12414K [0x0000000089800000, 0x000000008cf00000, 0x00000000d8800000)
  object space 56320K, 22% used [0x0000000089800000,0x000000008a41fb88,0x000000008cf00000)
 Metaspace       used 33433K, capacity 35336K, committed 35456K, reserved 1079296K
  class space    used 4572K, capacity 4928K, committed 4992K, reserved 1048576K
}
Event: 3.081 GC heap before
{Heap before GC invocations=9 (full 2):
 PSYoungGen      total 84992K, used 8582K [0x00000000d8800000, 0x00000000e1700000, 0x0000000100000000)
  eden space 71680K, 0% used [0x00000000d8800000,0x00000000d8800000,0x00000000dce00000)
  from space 13312K, 64% used [0x00000000dce00000,0x00000000dd661ab8,0x00000000ddb00000)
  to   space 13312K, 0% used [0x00000000e0a00000,0x00000000e0a00000,0x00000000e1700000)
 ParOldGen       total 56320K, used 12414K [0x0000000089800000, 0x000000008cf00000, 0x00000000d8800000)
  object space 56320K, 22% used [0x0000000089800000,0x000000008a41fb88,0x000000008cf00000)
 Metaspace       used 33433K, capacity 35336K, committed 35456K, reserved 1079296K
  class space    used 4572K, capacity 4928K, committed 4992K, reserved 1048576K
Event: 3.135 GC heap after
Heap after GC invocations=9 (full 2):
 PSYoungGen      total 84992K, used 0K [0x00000000d8800000, 0x00000000e1700000, 0x0000000100000000)
  eden space 71680K, 0% used [0x00000000d8800000,0x00000000d8800000,0x00000000dce00000)
  from space 13312K, 0% used [0x00000000dce00000,0x00000000dce00000,0x00000000ddb00000)
  to   space 13312K, 0% used [0x00000000e0a00000,0x00000000e0a00000,0x00000000e1700000)
 ParOldGen       total 78336K, used 12231K [0x0000000089800000, 0x000000008e480000, 0x00000000d8800000)
  object space 78336K, 15% used [0x0000000089800000,0x000000008a3f1d28,0x000000008e480000)
 Metaspace       used 33433K, capacity 35336K, committed 35456K, reserved 1079296K
  class space    used 4572K, capacity 4928K, committed 4992K, reserved 1048576K
}
Event: 15.470 GC heap before
{Heap before GC invocations=10 (full 2):
 PSYoungGen      total 84992K, used 70965K [0x00000000d8800000, 0x00000000e1700000, 0x0000000100000000)
  eden space 71680K, 99% used [0x00000000d8800000,0x00000000dcd4d568,0x00000000dce00000)
  from space 13312K, 0% used [0x00000000dce00000,0x00000000dce00000,0x00000000ddb00000)
  to   space 13312K, 0% used [0x00000000e0a00000,0x00000000e0a00000,0x00000000e1700000)
 ParOldGen       total 78336K, used 12231K [0x0000000089800000, 0x000000008e480000, 0x00000000d8800000)
  object space 78336K, 15% used [0x0000000089800000,0x000000008a3f1d28,0x000000008e480000)
 Metaspace       used 44638K, capacity 47018K, committed 47232K, reserved 1089536K
  class space    used 6068K, capacity 6522K, committed 6528K, reserved 1048576K
Event: 15.485 GC heap after
Heap after GC invocations=10 (full 2):
 PSYoungGen      total 123392K, used 11869K [0x00000000d8800000, 0x00000000e1600000, 0x0000000100000000)
  eden space 111104K, 0% used [0x00000000d8800000,0x00000000d8800000,0x00000000df480000)
  from space 12288K, 96% used [0x00000000e0a00000,0x00000000e1597788,0x00000000e1600000)
  to   space 14336K, 0% used [0x00000000dfa00000,0x00000000dfa00000,0x00000000e0800000)
 ParOldGen       total 78336K, used 12239K [0x0000000089800000, 0x000000008e480000, 0x00000000d8800000)
  object space 78336K, 15% used [0x0000000089800000,0x000000008a3f3d28,0x000000008e480000)
 Metaspace       used 44638K, capacity 47018K, committed 47232K, reserved 1089536K
  class space    used 6068K, capacity 6522K, committed 6528K, reserved 1048576K
}
Event: 18.352 GC heap before
{Heap before GC invocations=11 (full 2):
 PSYoungGen      total 123392K, used 122313K [0x00000000d8800000, 0x00000000e1600000, 0x0000000100000000)
  eden space 111104K, 99% used [0x00000000d8800000,0x00000000df3daf70,0x00000000df480000)
  from space 12288K, 96% used [0x00000000e0a00000,0x00000000e1597788,0x00000000e1600000)
  to   space 14336K, 0% used [0x00000000dfa00000,0x00000000dfa00000,0x00000000e0800000)
 ParOldGen       total 78336K, used 12239K [0x0000000089800000, 0x000000008e480000, 0x00000000d8800000)
  object space 78336K, 15% used [0x0000000089800000,0x000000008a3f3d28,0x000000008e480000)
 Metaspace       used 45637K, capacity 47984K, committed 48384K, reserved 1091584K
  class space    used 6166K, capacity 6587K, committed 6656K, reserved 1048576K
Event: 18.360 GC heap after
Heap after GC invocations=11 (full 2):
 PSYoungGen      total 131072K, used 8344K [0x00000000d8800000, 0x00000000e2f80000, 0x0000000100000000)
  eden space 116736K, 0% used [0x00000000d8800000,0x00000000d8800000,0x00000000dfa00000)
  from space 14336K, 58% used [0x00000000dfa00000,0x00000000e0226220,0x00000000e0800000)
  to   space 13824K, 0% used [0x00000000e2200000,0x00000000e2200000,0x00000000e2f80000)
 ParOldGen       total 78336K, used 12247K [0x0000000089800000, 0x000000008e480000, 0x00000000d8800000)
  object space 78336K, 15% used [0x0000000089800000,0x000000008a3f5d28,0x000000008e480000)
 Metaspace       used 45637K, capacity 47984K, committed 48384K, reserved 1091584K
  class space    used 6166K, capacity 6587K, committed 6656K, reserved 1048576K
}
Event: 21.336 GC heap before
{Heap before GC invocations=12 (full 2):
 PSYoungGen      total 131072K, used 124483K [0x00000000d8800000, 0x00000000e2f80000, 0x0000000100000000)
  eden space 116736K, 99% used [0x00000000d8800000,0x00000000df96ab70,0x00000000dfa00000)
  from space 14336K, 58% used [0x00000000dfa00000,0x00000000e0226220,0x00000000e0800000)
  to   space 13824K, 0% used [0x00000000e2200000,0x00000000e2200000,0x00000000e2f80000)
 ParOldGen       total 78336K, used 12247K [0x0000000089800000, 0x000000008e480000, 0x00000000d8800000)
  object space 78336K, 15% used [0x0000000089800000,0x000000008a3f5d28,0x000000008e480000)
 Metaspace       used 45643K, capacity 47984K, committed 48384K, reserved 1091584K
  class space    used 6168K, capacity 6587K, committed 6656K, reserved 1048576K
Event: 21.342 GC heap after
Heap after GC invocations=12 (full 2):
 PSYoungGen      total 157696K, used 9664K [0x00000000d8800000, 0x00000000e3200000, 0x0000000100000000)
  eden space 143872K, 0% used [0x00000000d8800000,0x00000000d8800000,0x00000000e1480000)
  from space 13824K, 69% used [0x00000000e2200000,0x00000000e2b70080,0x00000000e2f80000)
  to   space 13824K, 0% used [0x00000000e1480000,0x00000000e1480000,0x00000000e2200000)
 ParOldGen       total 78336K, used 12255K [0x0000000089800000, 0x000000008e480000, 0x00000000d8800000)
  object space 78336K, 15% used [0x0000000089800000,0x000000008a3f7d28,0x000000008e480000)
 Metaspace       used 45643K, capacity 47984K, committed 48384K, reserved 1091584K
  class space    used 6168K, capacity 6587K, committed 6656K, reserved 1048576K
}

